2025-05-06T22:07:28.897+05:30 INFO  [pizza-service] [main] c.o.pizzaservice.PizzaServiceApplication:51 : Starting PizzaServiceApplication using Java 17.0.11 with PID 9768 (C:\Users\sanja\eclipse-workspace\pizza-oauth2-fullstack\springboot-oauth2-pizza\pizza-service\target\classes started by sanja in C:\Users\sanja\eclipse-workspace\pizza-oauth2-fullstack\springboot-oauth2-pizza)
2025-05-06T22:07:28.908+05:30 INFO  [pizza-service] [main] c.o.pizzaservice.PizzaServiceApplication:634 : No active profile set, falling back to 1 default profile: "default"
2025-05-06T22:07:31.114+05:30 INFO  [pizza-service] [main] o.s.b.w.embedded.tomcat.TomcatWebServer:108 : Tomcat initialized with port(s): 8080 (http)
2025-05-06T22:07:31.156+05:30 INFO  [pizza-service] [main] o.apache.coyote.http11.Http11NioProtocol:173 : Initializing ProtocolHandler ["http-nio-8080"]
2025-05-06T22:07:31.162+05:30 INFO  [pizza-service] [main] o.apache.catalina.core.StandardService:173 : Starting service [Tomcat]
2025-05-06T22:07:31.163+05:30 INFO  [pizza-service] [main] org.apache.catalina.core.StandardEngine:173 : Starting Servlet engine: [Apache Tomcat/10.1.10]
2025-05-06T22:07:31.380+05:30 INFO  [pizza-service] [main] o.a.c.c.C.[Tomcat].[localhost].[/]:173 : Initializing Spring embedded WebApplicationContext
2025-05-06T22:07:31.383+05:30 INFO  [pizza-service] [main] o.s.b.w.s.c.ServletWebServerApplicationContext:291 : Root WebApplicationContext: initialization completed in 2332 ms
2025-05-06T22:07:31.639+05:30 DEBUG [pizza-service] [main] o.s.s.c.a.a.c.AuthenticationConfiguration$DefaultPasswordEncoderAuthenticationManagerBuilder:225 : No authenticationProviders and no parentAuthenticationManager defined. Returning null.
2025-05-06T22:07:32.020+05:30 INFO  [pizza-service] [main] o.s.s.web.DefaultSecurityFilterChain:54 : Will secure any request with [org.springframework.security.web.session.DisableEncodeUrlFilter@68e02f33, org.springframework.security.web.context.request.async.WebAsyncManagerIntegrationFilter@64942607, org.springframework.security.web.context.SecurityContextHolderFilter@124dac75, org.springframework.security.web.header.HeaderWriterFilter@1bf14704, org.springframework.web.filter.CorsFilter@d48e998, org.springframework.security.web.authentication.logout.LogoutFilter@6088451e, org.springframework.security.oauth2.server.resource.web.authentication.BearerTokenAuthenticationFilter@78422efb, org.springframework.security.web.savedrequest.RequestCacheAwareFilter@7b61bf11, org.springframework.security.web.servletapi.SecurityContextHolderAwareRequestFilter@62a68bcb, org.springframework.security.web.authentication.AnonymousAuthenticationFilter@7cfac39f, org.springframework.security.web.access.ExceptionTranslationFilter@58253c57, org.springframework.security.web.access.intercept.AuthorizationFilter@6968c1d6]
2025-05-06T22:07:32.715+05:30 INFO  [pizza-service] [main] o.apache.coyote.http11.Http11NioProtocol:173 : Starting ProtocolHandler ["http-nio-8080"]
2025-05-06T22:07:32.779+05:30 INFO  [pizza-service] [main] o.s.b.w.embedded.tomcat.TomcatWebServer:220 : Tomcat started on port(s): 8080 (http) with context path ''
2025-05-06T22:07:32.794+05:30 INFO  [pizza-service] [main] c.o.pizzaservice.PizzaServiceApplication:57 : Started PizzaServiceApplication in 5.064 seconds (process running for 5.944)
2025-05-06T22:07:54.282+05:30 INFO  [pizza-service] [http-nio-8080-exec-1] o.a.c.c.C.[Tomcat].[localhost].[/]:173 : Initializing Spring DispatcherServlet 'dispatcherServlet'
2025-05-06T22:07:54.283+05:30 INFO  [pizza-service] [http-nio-8080-exec-1] o.s.web.servlet.DispatcherServlet:532 : Initializing Servlet 'dispatcherServlet'
2025-05-06T22:07:54.284+05:30 INFO  [pizza-service] [http-nio-8080-exec-1] o.s.web.servlet.DispatcherServlet:554 : Completed initialization in 1 ms
2025-05-06T22:07:54.298+05:30 DEBUG [pizza-service] [http-nio-8080-exec-1] o.s.security.web.FilterChainProxy:223 : Securing OPTIONS /api/pizzas
2025-05-06T22:07:54.328+05:30 DEBUG [pizza-service] [http-nio-8080-exec-2] o.s.security.web.FilterChainProxy:223 : Securing GET /api/pizzas
2025-05-06T22:07:54.465+05:30 INFO  [pizza-service] [http-nio-8080-exec-2] c.o.p.security.JwtAuthConverter:35 : authorities: [SCOPE_openid, SCOPE_api.read, ROLE_USER]
2025-05-06T22:07:54.469+05:30 DEBUG [pizza-service] [http-nio-8080-exec-2] o.s.s.o.s.r.a.JwtAuthenticationProvider:93 : Authenticated token
2025-05-06T22:07:54.470+05:30 DEBUG [pizza-service] [http-nio-8080-exec-2] o.s.s.o.s.r.w.a.BearerTokenAuthenticationFilter:143 : Set SecurityContextHolder to JwtAuthenticationToken [Principal=org.springframework.security.oauth2.jwt.Jwt@43133234, Credentials=[PROTECTED], Authenticated=true, Details=WebAuthenticationDetails [RemoteIpAddress=0:0:0:0:0:0:0:1, SessionId=null], Granted Authorities=[SCOPE_openid, SCOPE_api.read, ROLE_USER]]
2025-05-06T22:07:54.477+05:30 DEBUG [pizza-service] [http-nio-8080-exec-2] o.s.security.web.FilterChainProxy:227 : Secured GET /api/pizzas
